<?xml version="1.0" encoding="UTF-8"?>
<robot generator="Robot 4.1.3 (Python 3.10.2 on win32)" generated="20220317 14:44:13.209" rpa="false" schemaversion="2">
<suite id="s1" name="Verify Invalidcredential Suite" source="E:\LTS\robot_framework\login_suite\verify_invalidcredential_suite.robot">
<test id="s1-t1" name="TC1">
<kw name="Launch Browser" library="CommonFunctionality" type="SETUP">
<kw name="Open Browser" library="SeleniumLibrary">
<arg>browser=chrome</arg>
<arg>executable_path=${EXECDIR}${/}driver${/}chromedriver.exe</arg>
<doc>Opens a new browser instance to the optional ``url``.</doc>
<msg timestamp="20220317 14:44:14.218" level="INFO">Opening browser 'chrome' to base url 'None'.</msg>
<status status="PASS" starttime="20220317 14:44:14.217" endtime="20220317 14:44:48.378"/>
</kw>
<kw name="Maximize Browser Window" library="SeleniumLibrary">
<doc>Maximizes current browser window.</doc>
<status status="PASS" starttime="20220317 14:44:48.378" endtime="20220317 14:44:53.034"/>
</kw>
<kw name="Set Selenium Implicit Wait" library="SeleniumLibrary">
<arg>30s</arg>
<doc>Sets the implicit wait value used by Selenium.</doc>
<status status="PASS" starttime="20220317 14:44:53.034" endtime="20220317 14:44:53.185"/>
</kw>
<kw name="Go To" library="SeleniumLibrary">
<arg>${URL}</arg>
<doc>Navigates the current browser window to the provided ``url``.</doc>
<msg timestamp="20220317 14:44:53.187" level="INFO">Opening url 'https://opensource-demo.orangehrmlive.com/'</msg>
<status status="PASS" starttime="20220317 14:44:53.186" endtime="20220317 14:45:09.464"/>
</kw>
<status status="PASS" starttime="20220317 14:44:14.217" endtime="20220317 14:45:09.465"/>
</kw>
<kw name="verify Invalid credential Template">
<arg>john</arg>
<arg>john123</arg>
<arg>invalid credentials</arg>
<kw name="Input Text" library="SeleniumLibrary">
<arg>id=txtUsername</arg>
<arg>${username}</arg>
<doc>Types the given ``text`` into the text field identified by ``locator``.</doc>
<msg timestamp="20220317 14:45:09.474" level="INFO">Typing text 'john' into text field 'id=txtUsername'.</msg>
<status status="PASS" starttime="20220317 14:45:09.473" endtime="20220317 14:45:13.790"/>
</kw>
<kw name="Input Password" library="SeleniumLibrary">
<arg>id=txtPassword</arg>
<arg>${password}</arg>
<doc>Types the given password into the text field identified by ``locator``.</doc>
<msg timestamp="20220317 14:45:13.792" level="INFO">Typing password into text field 'id=txtPassword'.</msg>
<msg timestamp="20220317 14:45:13.875" level="INFO">Temporally setting log level to: NONE</msg>
<msg timestamp="20220317 14:45:14.141" level="INFO">Log level changed from NONE to INFO.</msg>
<status status="PASS" starttime="20220317 14:45:13.791" endtime="20220317 14:45:14.142"/>
</kw>
<kw name="Click Element" library="SeleniumLibrary">
<arg>id=btnLogin</arg>
<doc>Click the element identified by ``locator``.</doc>
<msg timestamp="20220317 14:45:14.143" level="INFO">Clicking element 'id=btnLogin'.</msg>
<status status="PASS" starttime="20220317 14:45:14.142" endtime="20220317 14:45:17.480"/>
</kw>
<kw name="Element Text Should Be" library="SeleniumLibrary">
<arg>id=spanMessage</arg>
<arg>${expected_error}</arg>
<doc>Verifies that element ``locator`` contains exact the text ``expected``.</doc>
<msg timestamp="20220317 14:45:17.482" level="INFO">Verifying element 'id=spanMessage' contains exact text 'invalid credentials'.</msg>
<msg timestamp="20220317 14:45:18.689" level="INFO" html="true">&lt;/td&gt;&lt;/tr&gt;&lt;tr&gt;&lt;td colspan="3"&gt;&lt;a href="selenium-screenshot-17.png"&gt;&lt;img src="selenium-screenshot-17.png" width="800px"&gt;&lt;/a&gt;</msg>
<msg timestamp="20220317 14:45:18.876" level="FAIL">The text of element 'id=spanMessage' should have been 'invalid credentials' but it was 'Invalid credentials'.</msg>
<status status="FAIL" starttime="20220317 14:45:17.481" endtime="20220317 14:45:18.876"/>
</kw>
<status status="FAIL" starttime="20220317 14:45:09.468" endtime="20220317 14:45:18.882"/>
</kw>
<kw name="Close Browser" library="SeleniumLibrary" type="TEARDOWN">
<doc>Closes the current browser.</doc>
<status status="PASS" starttime="20220317 14:45:18.883" endtime="20220317 14:45:28.255"/>
</kw>
<status status="FAIL" starttime="20220317 14:44:14.214" endtime="20220317 14:45:28.256">The text of element 'id=spanMessage' should have been 'invalid credentials' but it was 'Invalid credentials'.</status>
</test>
<test id="s1-t2" name="TC2">
<kw name="Launch Browser" library="CommonFunctionality" type="SETUP">
<kw name="Open Browser" library="SeleniumLibrary">
<arg>browser=chrome</arg>
<arg>executable_path=${EXECDIR}${/}driver${/}chromedriver.exe</arg>
<doc>Opens a new browser instance to the optional ``url``.</doc>
<msg timestamp="20220317 14:45:28.265" level="INFO">Opening browser 'chrome' to base url 'None'.</msg>
<status status="PASS" starttime="20220317 14:45:28.264" endtime="20220317 14:45:37.752"/>
</kw>
<kw name="Maximize Browser Window" library="SeleniumLibrary">
<doc>Maximizes current browser window.</doc>
<status status="PASS" starttime="20220317 14:45:37.753" endtime="20220317 14:45:38.159"/>
</kw>
<kw name="Set Selenium Implicit Wait" library="SeleniumLibrary">
<arg>30s</arg>
<doc>Sets the implicit wait value used by Selenium.</doc>
<status status="PASS" starttime="20220317 14:45:38.160" endtime="20220317 14:45:38.162"/>
</kw>
<kw name="Go To" library="SeleniumLibrary">
<arg>${URL}</arg>
<doc>Navigates the current browser window to the provided ``url``.</doc>
<msg timestamp="20220317 14:45:38.163" level="INFO">Opening url 'https://opensource-demo.orangehrmlive.com/'</msg>
<status status="PASS" starttime="20220317 14:45:38.162" endtime="20220317 14:46:11.820"/>
</kw>
<status status="PASS" starttime="20220317 14:45:28.263" endtime="20220317 14:46:11.821"/>
</kw>
<kw name="verify Invalid credential Template">
<arg>peter</arg>
<arg>peter123</arg>
<arg>invalid credentials</arg>
<kw name="Input Text" library="SeleniumLibrary">
<arg>id=txtUsername</arg>
<arg>${username}</arg>
<doc>Types the given ``text`` into the text field identified by ``locator``.</doc>
<msg timestamp="20220317 14:46:11.824" level="INFO">Typing text 'peter' into text field 'id=txtUsername'.</msg>
<status status="PASS" starttime="20220317 14:46:11.823" endtime="20220317 14:46:21.566"/>
</kw>
<kw name="Input Password" library="SeleniumLibrary">
<arg>id=txtPassword</arg>
<arg>${password}</arg>
<doc>Types the given password into the text field identified by ``locator``.</doc>
<msg timestamp="20220317 14:46:21.567" level="INFO">Typing password into text field 'id=txtPassword'.</msg>
<msg timestamp="20220317 14:46:21.718" level="INFO">Temporally setting log level to: NONE</msg>
<msg timestamp="20220317 14:46:22.145" level="INFO">Log level changed from NONE to INFO.</msg>
<status status="PASS" starttime="20220317 14:46:21.566" endtime="20220317 14:46:22.146"/>
</kw>
<kw name="Click Element" library="SeleniumLibrary">
<arg>id=btnLogin</arg>
<doc>Click the element identified by ``locator``.</doc>
<msg timestamp="20220317 14:46:22.147" level="INFO">Clicking element 'id=btnLogin'.</msg>
<status status="PASS" starttime="20220317 14:46:22.146" endtime="20220317 14:46:28.909"/>
</kw>
<kw name="Element Text Should Be" library="SeleniumLibrary">
<arg>id=spanMessage</arg>
<arg>${expected_error}</arg>
<doc>Verifies that element ``locator`` contains exact the text ``expected``.</doc>
<msg timestamp="20220317 14:46:28.911" level="INFO">Verifying element 'id=spanMessage' contains exact text 'invalid credentials'.</msg>
<msg timestamp="20220317 14:46:57.090" level="INFO" html="true">&lt;/td&gt;&lt;/tr&gt;&lt;tr&gt;&lt;td colspan="3"&gt;&lt;a href="selenium-screenshot-18.png"&gt;&lt;img src="selenium-screenshot-18.png" width="800px"&gt;&lt;/a&gt;</msg>
<msg timestamp="20220317 14:46:57.093" level="FAIL">The text of element 'id=spanMessage' should have been 'invalid credentials' but it was 'Invalid credentials'.</msg>
<status status="FAIL" starttime="20220317 14:46:28.910" endtime="20220317 14:46:57.093"/>
</kw>
<status status="FAIL" starttime="20220317 14:46:11.822" endtime="20220317 14:46:57.095"/>
</kw>
<kw name="Close Browser" library="SeleniumLibrary" type="TEARDOWN">
<doc>Closes the current browser.</doc>
<status status="PASS" starttime="20220317 14:46:57.173" endtime="20220317 14:47:02.917"/>
</kw>
<status status="FAIL" starttime="20220317 14:45:28.262" endtime="20220317 14:47:02.917">The text of element 'id=spanMessage' should have been 'invalid credentials' but it was 'Invalid credentials'.</status>
</test>
<doc>This suite will handles all the tedt cases related to valid
credential test. Test case - TC_OH_2</doc>
<status status="FAIL" starttime="20220317 14:44:13.213" endtime="20220317 14:47:02.922"/>
</suite>
<statistics>
<total>
<stat pass="0" fail="2" skip="0">All Tests</stat>
</total>
<tag>
</tag>
<suite>
<stat pass="0" fail="2" skip="0" id="s1" name="Verify Invalidcredential Suite">Verify Invalidcredential Suite</stat>
</suite>
</statistics>
<errors>
</errors>
</robot>
