<?xml version="1.0" encoding="UTF-8"?>
<robot generator="Robot 4.1.3 (Python 3.10.2 on win32)" generated="20220319 12:54:56.960" rpa="false" schemaversion="2">
<suite id="s1" name="Verify Validcredentials Suite" source="E:\LTS\robot_framework\login_suite\verify_validcredentials_suite.robot">
<test id="s1-t1" name="Verify Valid Credential Test">
<kw name="Launch Browser And Navigate To URL" library="CommonFunctionality" type="SETUP">
<if>
<branch type="IF" condition="'${BROWSER_NAME}'=='edge'">
<kw name="Set Local Variable" library="BuiltIn">
<arg>${driver_name}</arg>
<arg>msedgedriver.exe</arg>
<doc>Makes a variable available everywhere within the local scope.</doc>
<status status="NOT RUN" starttime="20220319 12:55:01.305" endtime="20220319 12:55:01.306"/>
</kw>
<status status="NOT RUN" starttime="20220319 12:55:01.305" endtime="20220319 12:55:01.306"/>
</branch>
<branch type="ELSE IF" condition="'${BROWSER_NAME}'== 'ff'">
<kw name="Set Local Variable" library="BuiltIn">
<arg>${driver_name}</arg>
<arg>geckodriver.exe</arg>
<doc>Makes a variable available everywhere within the local scope.</doc>
<status status="NOT RUN" starttime="20220319 12:55:01.306" endtime="20220319 12:55:01.306"/>
</kw>
<status status="NOT RUN" starttime="20220319 12:55:01.306" endtime="20220319 12:55:01.306"/>
</branch>
<branch type="ELSE">
<kw name="Set Local Variable" library="BuiltIn">
<arg>${driver_name}</arg>
<arg>chromedriver.exe</arg>
<doc>Makes a variable available everywhere within the local scope.</doc>
<msg timestamp="20220319 12:55:01.308" level="INFO">${driver_name} = chromedriver.exe</msg>
<status status="PASS" starttime="20220319 12:55:01.306" endtime="20220319 12:55:01.308"/>
</kw>
<status status="PASS" starttime="20220319 12:55:01.306" endtime="20220319 12:55:01.308"/>
</branch>
<status status="PASS" starttime="20220319 12:55:01.305" endtime="20220319 12:55:01.308"/>
</if>
<kw name="Open Browser" library="SeleniumLibrary">
<arg>browser=${BROWSER_NAME}</arg>
<arg>executable_path=${EXECDIR}${/}driver${/}${driver_name}</arg>
<doc>Opens a new browser instance to the optional ``url``.</doc>
<msg timestamp="20220319 12:55:01.310" level="INFO">Opening browser 'chrome' to base url 'None'.</msg>
<status status="PASS" starttime="20220319 12:55:01.309" endtime="20220319 12:55:34.790"/>
</kw>
<kw name="Open Browser" library="SeleniumLibrary">
<arg>browser=chrome</arg>
<arg>executable_path=${EXECDIR}${/}driver${/}chromedriver.exe</arg>
<doc>Opens a new browser instance to the optional ``url``.</doc>
<msg timestamp="20220319 12:55:34.792" level="INFO">Opening browser 'chrome' to base url 'None'.</msg>
<status status="PASS" starttime="20220319 12:55:34.791" endtime="20220319 12:55:45.818"/>
</kw>
<kw name="Maximize Browser Window" library="SeleniumLibrary">
<doc>Maximizes current browser window.</doc>
<status status="PASS" starttime="20220319 12:55:45.819" endtime="20220319 12:55:46.604"/>
</kw>
<kw name="Set Selenium Implicit Wait" library="SeleniumLibrary">
<arg>30s</arg>
<doc>Sets the implicit wait value used by Selenium.</doc>
<status status="PASS" starttime="20220319 12:55:46.606" endtime="20220319 12:55:46.640"/>
</kw>
<kw name="Set Screenshot Directory" library="SeleniumLibrary">
<arg>${EXECDIR}${/}screenshots</arg>
<doc>Sets the directory for captured screenshots.</doc>
<status status="PASS" starttime="20220319 12:55:46.640" endtime="20220319 12:55:46.641"/>
</kw>
<kw name="Go To" library="SeleniumLibrary">
<arg>${URL}</arg>
<doc>Navigates the current browser window to the provided ``url``.</doc>
<msg timestamp="20220319 12:55:46.642" level="INFO">Opening url 'https://opensource-demo.orangehrmlive.com/'</msg>
<status status="PASS" starttime="20220319 12:55:46.642" endtime="20220319 12:56:09.020"/>
</kw>
<status status="PASS" starttime="20220319 12:55:01.304" endtime="20220319 12:56:09.021"/>
</kw>
<kw name="Enter Username" library="LoginPage">
<arg>Admin</arg>
<kw name="Input Text" library="SeleniumLibrary">
<arg>${USERNAME_LOCATOR}</arg>
<arg>${username}</arg>
<doc>Types the given ``text`` into the text field identified by ``locator``.</doc>
<msg timestamp="20220319 12:56:09.027" level="INFO">Typing text 'Admin' into text field 'id=txtUsername'.</msg>
<status status="PASS" starttime="20220319 12:56:09.026" endtime="20220319 12:56:12.366"/>
</kw>
<status status="PASS" starttime="20220319 12:56:09.025" endtime="20220319 12:56:12.367"/>
</kw>
<kw name="Enter password" library="LoginPage">
<arg>admin123</arg>
<kw name="Input Password" library="SeleniumLibrary">
<arg>${PASSWORD_LOCATOR}</arg>
<arg>${password}</arg>
<doc>Types the given password into the text field identified by ``locator``.</doc>
<msg timestamp="20220319 12:56:12.372" level="INFO">Typing password into text field 'id=txtPassword'.</msg>
<msg timestamp="20220319 12:56:12.562" level="INFO">Temporally setting log level to: NONE</msg>
<msg timestamp="20220319 12:56:12.814" level="INFO">Log level changed from NONE to INFO.</msg>
<status status="PASS" starttime="20220319 12:56:12.370" endtime="20220319 12:56:12.814"/>
</kw>
<status status="PASS" starttime="20220319 12:56:12.369" endtime="20220319 12:56:12.815"/>
</kw>
<kw name="Input Password" library="SeleniumLibrary">
<arg>id=txtPassword</arg>
<arg>admin123</arg>
<doc>Types the given password into the text field identified by ``locator``.</doc>
<msg timestamp="20220319 12:56:12.816" level="INFO">Typing password into text field 'id=txtPassword'.</msg>
<msg timestamp="20220319 12:56:12.898" level="INFO">Temporally setting log level to: NONE</msg>
<msg timestamp="20220319 12:56:12.970" level="INFO">Log level changed from NONE to INFO.</msg>
<status status="PASS" starttime="20220319 12:56:12.816" endtime="20220319 12:56:12.970"/>
</kw>
<kw name="Click Element" library="SeleniumLibrary">
<arg>id=btnLogin</arg>
<doc>Click the element identified by ``locator``.</doc>
<msg timestamp="20220319 12:56:12.972" level="INFO">Clicking element 'id=btnLogin'.</msg>
<status status="PASS" starttime="20220319 12:56:12.971" endtime="20220319 12:56:22.990"/>
</kw>
<kw name="Page Should Contain" library="SeleniumLibrary">
<arg>My Info</arg>
<doc>Verifies that current page contains ``text``.</doc>
<msg timestamp="20220319 12:56:23.137" level="INFO">Current page contains text 'My Info'.</msg>
<status status="PASS" starttime="20220319 12:56:22.991" endtime="20220319 12:56:23.137"/>
</kw>
<kw name="Capture Page Screenshot" library="SeleniumLibrary">
<doc>Takes a screenshot of the current page and embeds it into a log file.</doc>
<msg timestamp="20220319 12:56:25.439" level="INFO" html="true">&lt;/td&gt;&lt;/tr&gt;&lt;tr&gt;&lt;td colspan="3"&gt;&lt;a href="screenshots/selenium-screenshot-21.png"&gt;&lt;img src="screenshots/selenium-screenshot-21.png" width="800px"&gt;&lt;/a&gt;</msg>
<status status="PASS" starttime="20220319 12:56:23.139" endtime="20220319 12:56:25.439"/>
</kw>
<kw name="Close Browser" library="SeleniumLibrary" type="TEARDOWN">
<doc>Closes the current browser.</doc>
<status status="PASS" starttime="20220319 12:56:25.440" endtime="20220319 12:56:34.020"/>
</kw>
<status status="PASS" starttime="20220319 12:55:01.302" endtime="20220319 12:56:34.021"/>
</test>
<doc>This suite will handles all the test cases related to valid
credential test for orangehrm. Test case - TC_OH_2</doc>
<status status="PASS" starttime="20220319 12:54:56.999" endtime="20220319 12:56:34.025"/>
</suite>
<statistics>
<total>
<stat pass="1" fail="0" skip="0">All Tests</stat>
</total>
<tag>
</tag>
<suite>
<stat pass="1" fail="0" skip="0" id="s1" name="Verify Validcredentials Suite">Verify Validcredentials Suite</stat>
</suite>
</statistics>
<errors>
</errors>
</robot>
