<?xml version="1.0" encoding="UTF-8"?>
<robot generator="Robot 4.1.3 (Python 3.10.2 on win32)" generated="20220317 10:50:44.018" rpa="false" schemaversion="2">
<suite id="s1" name="Verify Validcredentials Suite" source="E:\LTS\robot_framework\login_suite\verify_validcredentials_suite.robot">
<test id="s1-t1" name="verify valid credential Test">
<kw name="Open Browser" library="SeleniumLibrary">
<arg>browser=chrome</arg>
<arg>executable_path=${EXECDIR}${/}driver${/}chromedriver.exe</arg>
<doc>Opens a new browser instance to the optional ``url``.</doc>
<msg timestamp="20220317 10:50:46.990" level="INFO">Opening browser 'chrome' to base url 'None'.</msg>
<status status="PASS" starttime="20220317 10:50:46.989" endtime="20220317 10:50:57.945"/>
</kw>
<kw name="Maximize Browser Window" library="SeleniumLibrary">
<doc>Maximizes current browser window.</doc>
<status status="PASS" starttime="20220317 10:50:57.946" endtime="20220317 10:50:58.091"/>
</kw>
<kw name="Set Selenium Implicit Wait" library="SeleniumLibrary">
<arg>30s</arg>
<doc>Sets the implicit wait value used by Selenium.</doc>
<status status="PASS" starttime="20220317 10:50:58.092" endtime="20220317 10:50:58.115"/>
</kw>
<kw name="Go To" library="SeleniumLibrary">
<arg>url=https://opensource-demo.orangehrmlive.com/</arg>
<doc>Navigates the current browser window to the provided ``url``.</doc>
<msg timestamp="20220317 10:50:58.117" level="INFO">Opening url 'https://opensource-demo.orangehrmlive.com/'</msg>
<status status="PASS" starttime="20220317 10:50:58.116" endtime="20220317 10:51:07.034"/>
</kw>
<kw name="Input Text" library="SeleniumLibrary">
<arg>id=txtUsername</arg>
<arg>Admin</arg>
<doc>Types the given ``text`` into the text field identified by ``locator``.</doc>
<msg timestamp="20220317 10:51:07.036" level="INFO">Typing text 'Admin' into text field 'id=txtUsername'.</msg>
<status status="PASS" starttime="20220317 10:51:07.035" endtime="20220317 10:51:11.567"/>
</kw>
<kw name="Input Password" library="SeleniumLibrary">
<arg>id=txtPassword</arg>
<arg>admin123</arg>
<doc>Types the given password into the text field identified by ``locator``.</doc>
<msg timestamp="20220317 10:51:11.569" level="INFO">Typing password into text field 'id=txtPassword'.</msg>
<msg timestamp="20220317 10:51:11.665" level="INFO">Temporally setting log level to: NONE</msg>
<msg timestamp="20220317 10:51:12.052" level="INFO">Log level changed from NONE to INFO.</msg>
<status status="PASS" starttime="20220317 10:51:11.568" endtime="20220317 10:51:12.052"/>
</kw>
<kw name="Click Element" library="SeleniumLibrary">
<arg>id=btnLogin</arg>
<doc>Click the element identified by ``locator``.</doc>
<msg timestamp="20220317 10:51:12.053" level="INFO">Clicking element 'id=btnLogin'.</msg>
<status status="PASS" starttime="20220317 10:51:12.053" endtime="20220317 10:51:20.776"/>
</kw>
<kw name="Page Should Contain" library="SeleniumLibrary">
<arg>My Info</arg>
<doc>Verifies that current page contains ``text``.</doc>
<msg timestamp="20220317 10:51:24.716" level="INFO">Current page contains text 'My Info'.</msg>
<status status="PASS" starttime="20220317 10:51:20.777" endtime="20220317 10:51:24.717"/>
</kw>
<status status="PASS" starttime="20220317 10:50:46.987" endtime="20220317 10:51:24.718"/>
</test>
<doc>This suite will handles all the tedt cases related to valid
credential test. Test case - TC_OH_2</doc>
<status status="PASS" starttime="20220317 10:50:44.026" endtime="20220317 10:51:24.725"/>
</suite>
<statistics>
<total>
<stat pass="1" fail="0" skip="0">All Tests</stat>
</total>
<tag>
</tag>
<suite>
<stat pass="1" fail="0" skip="0" id="s1" name="Verify Validcredentials Suite">Verify Validcredentials Suite</stat>
</suite>
</statistics>
<errors>
</errors>
</robot>
