<?xml version="1.0" encoding="UTF-8"?>
<robot generator="Robot 4.1.3 (Python 3.10.2 on win32)" generated="20220317 15:30:59.489" rpa="false" schemaversion="2">
<suite id="s1" name="Verify Emergency Contact Suite" source="E:\LTS\robot_framework\my_info_suite\verify_emergency_contact_suite.robot">
<test id="s1-t1" name="TC1">
<kw name="Launch Browser And Navigate To URL" library="CommonFunctionality" type="SETUP">
<kw name="Open Browser" library="SeleniumLibrary">
<arg>browser=chrome</arg>
<arg>executable_path=${EXECDIR}${/}driver${/}chromedriver.exe</arg>
<doc>Opens a new browser instance to the optional ``url``.</doc>
<msg timestamp="20220317 15:31:00.465" level="INFO">Opening browser 'chrome' to base url 'None'.</msg>
<status status="PASS" starttime="20220317 15:31:00.464" endtime="20220317 15:31:30.681"/>
</kw>
<kw name="Maximize Browser Window" library="SeleniumLibrary">
<doc>Maximizes current browser window.</doc>
<status status="PASS" starttime="20220317 15:31:30.682" endtime="20220317 15:31:32.011"/>
</kw>
<kw name="Set Selenium Implicit Wait" library="SeleniumLibrary">
<arg>30s</arg>
<doc>Sets the implicit wait value used by Selenium.</doc>
<status status="PASS" starttime="20220317 15:31:32.012" endtime="20220317 15:31:32.017"/>
</kw>
<kw name="Go To" library="SeleniumLibrary">
<arg>${URL}</arg>
<doc>Navigates the current browser window to the provided ``url``.</doc>
<msg timestamp="20220317 15:31:32.018" level="INFO">Opening url 'https://opensource-demo.orangehrmlive.com/'</msg>
<status status="PASS" starttime="20220317 15:31:32.017" endtime="20220317 15:31:52.724"/>
</kw>
<status status="PASS" starttime="20220317 15:31:00.463" endtime="20220317 15:31:52.724"/>
</kw>
<kw name="Verify Add Emergency Contact Template">
<arg>Admin</arg>
<arg>admin123</arg>
<arg>john</arg>
<arg>brother</arg>
<arg>787878</arg>
<kw name="Input Text" library="SeleniumLibrary">
<arg>id=txtUsername</arg>
<arg>${Username}</arg>
<doc>Types the given ``text`` into the text field identified by ``locator``.</doc>
<msg timestamp="20220317 15:31:52.750" level="INFO">Typing text 'Admin' into text field 'id=txtUsername'.</msg>
<status status="PASS" starttime="20220317 15:31:52.749" endtime="20220317 15:31:57.110"/>
</kw>
<kw name="Input Password" library="SeleniumLibrary">
<arg>id=txtPassword</arg>
<arg>${Password}</arg>
<doc>Types the given password into the text field identified by ``locator``.</doc>
<msg timestamp="20220317 15:31:57.113" level="INFO">Typing password into text field 'id=txtPassword'.</msg>
<msg timestamp="20220317 15:31:57.228" level="INFO">Temporally setting log level to: NONE</msg>
<msg timestamp="20220317 15:31:57.591" level="INFO">Log level changed from NONE to INFO.</msg>
<status status="PASS" starttime="20220317 15:31:57.111" endtime="20220317 15:31:57.591"/>
</kw>
<kw name="Click Element" library="SeleniumLibrary">
<arg>id=btnLogin</arg>
<doc>Click the element identified by ``locator``.</doc>
<msg timestamp="20220317 15:31:57.592" level="INFO">Clicking element 'id=btnLogin'.</msg>
<status status="PASS" starttime="20220317 15:31:57.591" endtime="20220317 15:32:12.930"/>
</kw>
<kw name="Click Element" library="SeleniumLibrary">
<arg>id=menu_pim_viewMyDetails</arg>
<doc>Click the element identified by ``locator``.</doc>
<msg timestamp="20220317 15:32:12.931" level="INFO">Clicking element 'id=menu_pim_viewMyDetails'.</msg>
<status status="PASS" starttime="20220317 15:32:12.930" endtime="20220317 15:32:39.948"/>
</kw>
<kw name="Click Element" library="SeleniumLibrary">
<arg>partial link=Emergency Contacts</arg>
<doc>Click the element identified by ``locator``.</doc>
<msg timestamp="20220317 15:32:39.950" level="INFO">Clicking element 'partial link=Emergency Contacts'.</msg>
<status status="PASS" starttime="20220317 15:32:39.949" endtime="20220317 15:32:43.018"/>
</kw>
<kw name="Click Element" library="SeleniumLibrary">
<arg>id=btnAddContact</arg>
<doc>Click the element identified by ``locator``.</doc>
<msg timestamp="20220317 15:32:43.020" level="INFO">Clicking element 'id=btnAddContact'.</msg>
<status status="PASS" starttime="20220317 15:32:43.019" endtime="20220317 15:32:43.252"/>
</kw>
<kw name="Input Text" library="SeleniumLibrary">
<arg>name=emgcontacts[name]</arg>
<arg>${contact_name}</arg>
<doc>Types the given ``text`` into the text field identified by ``locator``.</doc>
<msg timestamp="20220317 15:32:43.253" level="INFO">Typing text 'john' into text field 'name=emgcontacts[name]'.</msg>
<status status="PASS" starttime="20220317 15:32:43.252" endtime="20220317 15:32:44.075"/>
</kw>
<kw name="Input Text" library="SeleniumLibrary">
<arg>id=emgcontacts_relationship</arg>
<arg>${relationship}</arg>
<doc>Types the given ``text`` into the text field identified by ``locator``.</doc>
<msg timestamp="20220317 15:32:44.077" level="INFO">Typing text 'brother' into text field 'id=emgcontacts_relationship'.</msg>
<status status="PASS" starttime="20220317 15:32:44.076" endtime="20220317 15:32:46.590"/>
</kw>
<kw name="Input Text" library="SeleniumLibrary">
<arg>id=emgcontacts_homePhone</arg>
<arg>${home_telephone}</arg>
<doc>Types the given ``text`` into the text field identified by ``locator``.</doc>
<msg timestamp="20220317 15:32:46.591" level="INFO">Typing text '787878' into text field 'id=emgcontacts_homePhone'.</msg>
<status status="PASS" starttime="20220317 15:32:46.590" endtime="20220317 15:32:46.768"/>
</kw>
<kw name="Click Element" library="SeleniumLibrary">
<arg>id=btnSaveEContact</arg>
<doc>Click the element identified by ``locator``.</doc>
<msg timestamp="20220317 15:32:46.769" level="INFO">Clicking element 'id=btnSaveEContact'.</msg>
<status status="PASS" starttime="20220317 15:32:46.768" endtime="20220317 15:32:49.641"/>
</kw>
<kw name="Table Should Contain" library="SeleniumLibrary">
<arg>id=emgcontact_list</arg>
<arg>Sat</arg>
<doc>Verifies table contains text ``expected``.</doc>
<status status="PASS" starttime="20220317 15:32:49.642" endtime="20220317 15:32:53.168"/>
</kw>
<kw name="Table Should Contain" library="SeleniumLibrary">
<arg>id=emgcontact_list</arg>
<arg>78787</arg>
<doc>Verifies table contains text ``expected``.</doc>
<status status="PASS" starttime="20220317 15:32:53.169" endtime="20220317 15:32:53.877"/>
</kw>
<status status="PASS" starttime="20220317 15:31:52.748" endtime="20220317 15:32:53.877"/>
</kw>
<kw name="Close Browser" library="SeleniumLibrary" type="TEARDOWN">
<doc>Closes the current browser.</doc>
<status status="PASS" starttime="20220317 15:32:53.878" endtime="20220317 15:33:03.570"/>
</kw>
<status status="PASS" starttime="20220317 15:31:00.457" endtime="20220317 15:33:03.570"/>
</test>
<test id="s1-t2" name="TC2">
<kw name="Launch Browser And Navigate To URL" library="CommonFunctionality" type="SETUP">
<kw name="Open Browser" library="SeleniumLibrary">
<arg>browser=chrome</arg>
<arg>executable_path=${EXECDIR}${/}driver${/}chromedriver.exe</arg>
<doc>Opens a new browser instance to the optional ``url``.</doc>
<msg timestamp="20220317 15:33:03.576" level="INFO">Opening browser 'chrome' to base url 'None'.</msg>
<status status="PASS" starttime="20220317 15:33:03.576" endtime="20220317 15:33:14.965"/>
</kw>
<kw name="Maximize Browser Window" library="SeleniumLibrary">
<doc>Maximizes current browser window.</doc>
<status status="PASS" starttime="20220317 15:33:14.966" endtime="20220317 15:33:15.116"/>
</kw>
<kw name="Set Selenium Implicit Wait" library="SeleniumLibrary">
<arg>30s</arg>
<doc>Sets the implicit wait value used by Selenium.</doc>
<status status="PASS" starttime="20220317 15:33:15.116" endtime="20220317 15:33:15.121"/>
</kw>
<kw name="Go To" library="SeleniumLibrary">
<arg>${URL}</arg>
<doc>Navigates the current browser window to the provided ``url``.</doc>
<msg timestamp="20220317 15:33:15.127" level="INFO">Opening url 'https://opensource-demo.orangehrmlive.com/'</msg>
<status status="PASS" starttime="20220317 15:33:15.122" endtime="20220317 15:33:25.792"/>
</kw>
<status status="PASS" starttime="20220317 15:33:03.575" endtime="20220317 15:33:25.793"/>
</kw>
<kw name="Verify Add Emergency Contact Template">
<arg>Admin</arg>
<arg>admin123</arg>
<arg>sandy</arg>
<arg>sister</arg>
<arg>787878</arg>
<kw name="Input Text" library="SeleniumLibrary">
<arg>id=txtUsername</arg>
<arg>${Username}</arg>
<doc>Types the given ``text`` into the text field identified by ``locator``.</doc>
<msg timestamp="20220317 15:33:25.877" level="INFO">Typing text 'Admin' into text field 'id=txtUsername'.</msg>
<status status="PASS" starttime="20220317 15:33:25.876" endtime="20220317 15:33:26.144"/>
</kw>
<kw name="Input Password" library="SeleniumLibrary">
<arg>id=txtPassword</arg>
<arg>${Password}</arg>
<doc>Types the given password into the text field identified by ``locator``.</doc>
<msg timestamp="20220317 15:33:26.145" level="INFO">Typing password into text field 'id=txtPassword'.</msg>
<msg timestamp="20220317 15:33:26.243" level="INFO">Temporally setting log level to: NONE</msg>
<msg timestamp="20220317 15:33:26.377" level="INFO">Log level changed from NONE to INFO.</msg>
<status status="PASS" starttime="20220317 15:33:26.144" endtime="20220317 15:33:26.378"/>
</kw>
<kw name="Click Element" library="SeleniumLibrary">
<arg>id=btnLogin</arg>
<doc>Click the element identified by ``locator``.</doc>
<msg timestamp="20220317 15:33:26.379" level="INFO">Clicking element 'id=btnLogin'.</msg>
<status status="PASS" starttime="20220317 15:33:26.378" endtime="20220317 15:33:44.393"/>
</kw>
<kw name="Click Element" library="SeleniumLibrary">
<arg>id=menu_pim_viewMyDetails</arg>
<doc>Click the element identified by ``locator``.</doc>
<msg timestamp="20220317 15:33:44.393" level="INFO">Clicking element 'id=menu_pim_viewMyDetails'.</msg>
<status status="PASS" starttime="20220317 15:33:44.393" endtime="20220317 15:33:52.042"/>
</kw>
<kw name="Click Element" library="SeleniumLibrary">
<arg>partial link=Emergency Contacts</arg>
<doc>Click the element identified by ``locator``.</doc>
<msg timestamp="20220317 15:33:52.042" level="INFO">Clicking element 'partial link=Emergency Contacts'.</msg>
<status status="PASS" starttime="20220317 15:33:52.042" endtime="20220317 15:33:54.328"/>
</kw>
<kw name="Click Element" library="SeleniumLibrary">
<arg>id=btnAddContact</arg>
<doc>Click the element identified by ``locator``.</doc>
<msg timestamp="20220317 15:33:54.328" level="INFO">Clicking element 'id=btnAddContact'.</msg>
<status status="PASS" starttime="20220317 15:33:54.328" endtime="20220317 15:33:54.477"/>
</kw>
<kw name="Input Text" library="SeleniumLibrary">
<arg>name=emgcontacts[name]</arg>
<arg>${contact_name}</arg>
<doc>Types the given ``text`` into the text field identified by ``locator``.</doc>
<msg timestamp="20220317 15:33:54.477" level="INFO">Typing text 'sandy' into text field 'name=emgcontacts[name]'.</msg>
<status status="PASS" starttime="20220317 15:33:54.477" endtime="20220317 15:33:54.767"/>
</kw>
<kw name="Input Text" library="SeleniumLibrary">
<arg>id=emgcontacts_relationship</arg>
<arg>${relationship}</arg>
<doc>Types the given ``text`` into the text field identified by ``locator``.</doc>
<msg timestamp="20220317 15:33:54.767" level="INFO">Typing text 'sister' into text field 'id=emgcontacts_relationship'.</msg>
<status status="PASS" starttime="20220317 15:33:54.767" endtime="20220317 15:33:54.973"/>
</kw>
<kw name="Input Text" library="SeleniumLibrary">
<arg>id=emgcontacts_homePhone</arg>
<arg>${home_telephone}</arg>
<doc>Types the given ``text`` into the text field identified by ``locator``.</doc>
<msg timestamp="20220317 15:33:54.977" level="INFO">Typing text '787878' into text field 'id=emgcontacts_homePhone'.</msg>
<status status="PASS" starttime="20220317 15:33:54.973" endtime="20220317 15:33:55.163"/>
</kw>
<kw name="Click Element" library="SeleniumLibrary">
<arg>id=btnSaveEContact</arg>
<doc>Click the element identified by ``locator``.</doc>
<msg timestamp="20220317 15:33:55.163" level="INFO">Clicking element 'id=btnSaveEContact'.</msg>
<status status="PASS" starttime="20220317 15:33:55.163" endtime="20220317 15:33:57.507"/>
</kw>
<kw name="Table Should Contain" library="SeleniumLibrary">
<arg>id=emgcontact_list</arg>
<arg>Sat</arg>
<doc>Verifies table contains text ``expected``.</doc>
<status status="PASS" starttime="20220317 15:33:57.507" endtime="20220317 15:33:58.417"/>
</kw>
<kw name="Table Should Contain" library="SeleniumLibrary">
<arg>id=emgcontact_list</arg>
<arg>78787</arg>
<doc>Verifies table contains text ``expected``.</doc>
<status status="PASS" starttime="20220317 15:33:58.417" endtime="20220317 15:33:59.197"/>
</kw>
<status status="PASS" starttime="20220317 15:33:25.875" endtime="20220317 15:33:59.197"/>
</kw>
<kw name="Close Browser" library="SeleniumLibrary" type="TEARDOWN">
<doc>Closes the current browser.</doc>
<status status="PASS" starttime="20220317 15:33:59.202" endtime="20220317 15:34:07.208"/>
</kw>
<status status="PASS" starttime="20220317 15:33:03.573" endtime="20220317 15:34:07.208"/>
</test>
<doc>This suite handles test case related to emergency contact</doc>
<status status="PASS" starttime="20220317 15:30:59.498" endtime="20220317 15:34:07.208"/>
</suite>
<statistics>
<total>
<stat pass="2" fail="0" skip="0">All Tests</stat>
</total>
<tag>
</tag>
<suite>
<stat pass="2" fail="0" skip="0" id="s1" name="Verify Emergency Contact Suite">Verify Emergency Contact Suite</stat>
</suite>
</statistics>
<errors>
</errors>
</robot>
