<?xml version="1.0" encoding="UTF-8"?>
<robot generator="Robot 4.1.3 (Python 3.10.2 on win32)" generated="20220317 12:00:10.285" rpa="false" schemaversion="2">
<suite id="s1" name="Verify Validcredentials Suite" source="E:\LTS\robot_framework\login_suite\verify_validcredentials_suite.robot">
<test id="s1-t1" name="verify valid credential Test">
<kw name="Launch Browser" library="CommonFunctionality">
<kw name="Open Browser" library="SeleniumLibrary">
<arg>browser=chrome</arg>
<arg>executable_path=${EXECDIR}${/}driver${/}chromedriver.exe</arg>
<doc>Opens a new browser instance to the optional ``url``.</doc>
<msg timestamp="20220317 12:00:14.888" level="INFO">Opening browser 'chrome' to base url 'None'.</msg>
<status status="PASS" starttime="20220317 12:00:14.887" endtime="20220317 12:01:26.532"/>
</kw>
<kw name="Maximize Browser Window" library="SeleniumLibrary">
<doc>Maximizes current browser window.</doc>
<status status="PASS" starttime="20220317 12:01:26.533" endtime="20220317 12:01:27.292"/>
</kw>
<kw name="Set Selenium Implicit Wait" library="SeleniumLibrary">
<arg>30s</arg>
<doc>Sets the implicit wait value used by Selenium.</doc>
<status status="PASS" starttime="20220317 12:01:27.292" endtime="20220317 12:01:27.414"/>
</kw>
<kw name="Go To" library="SeleniumLibrary">
<arg>url=https://opensource-demo.orangehrmlive.com/</arg>
<doc>Navigates the current browser window to the provided ``url``.</doc>
<msg timestamp="20220317 12:01:27.415" level="INFO">Opening url 'https://opensource-demo.orangehrmlive.com/'</msg>
<status status="PASS" starttime="20220317 12:01:27.414" endtime="20220317 12:01:38.414"/>
</kw>
<status status="PASS" starttime="20220317 12:00:14.886" endtime="20220317 12:01:38.414"/>
</kw>
<kw name="Input Text" library="SeleniumLibrary">
<arg>id=txtUsername</arg>
<arg>Admin</arg>
<doc>Types the given ``text`` into the text field identified by ``locator``.</doc>
<msg timestamp="20220317 12:01:38.417" level="INFO">Typing text 'Admin' into text field 'id=txtUsername'.</msg>
<status status="PASS" starttime="20220317 12:01:38.416" endtime="20220317 12:01:43.004"/>
</kw>
<kw name="Input Password" library="SeleniumLibrary">
<arg>id=txtPassword</arg>
<arg>admin123</arg>
<doc>Types the given password into the text field identified by ``locator``.</doc>
<msg timestamp="20220317 12:01:43.005" level="INFO">Typing password into text field 'id=txtPassword'.</msg>
<msg timestamp="20220317 12:01:43.123" level="INFO">Temporally setting log level to: NONE</msg>
<msg timestamp="20220317 12:01:43.313" level="INFO">Log level changed from NONE to INFO.</msg>
<status status="PASS" starttime="20220317 12:01:43.005" endtime="20220317 12:01:43.313"/>
</kw>
<kw name="Click Element" library="SeleniumLibrary">
<arg>id=btnLogin</arg>
<doc>Click the element identified by ``locator``.</doc>
<msg timestamp="20220317 12:01:43.314" level="INFO">Clicking element 'id=btnLogin'.</msg>
<status status="PASS" starttime="20220317 12:01:43.314" endtime="20220317 12:01:54.852"/>
</kw>
<kw name="Page Should Contain" library="SeleniumLibrary">
<arg>My Info</arg>
<doc>Verifies that current page contains ``text``.</doc>
<msg timestamp="20220317 12:01:57.698" level="INFO">Current page contains text 'My Info'.</msg>
<status status="PASS" starttime="20220317 12:01:54.853" endtime="20220317 12:01:57.699"/>
</kw>
<status status="PASS" starttime="20220317 12:00:14.885" endtime="20220317 12:01:57.700"/>
</test>
<doc>This suite will handles all the tedt cases related to valid
credential test. Test case - TC_OH_2</doc>
<status status="PASS" starttime="20220317 12:00:10.289" endtime="20220317 12:01:57.705"/>
</suite>
<statistics>
<total>
<stat pass="1" fail="0" skip="0">All Tests</stat>
</total>
<tag>
</tag>
<suite>
<stat pass="1" fail="0" skip="0" id="s1" name="Verify Validcredentials Suite">Verify Validcredentials Suite</stat>
</suite>
</statistics>
<errors>
</errors>
</robot>
