<?xml version="1.0" encoding="UTF-8"?>
<robot generator="Robot 4.1.3 (Python 3.10.2 on win32)" generated="20220317 14:01:00.101" rpa="false" schemaversion="2">
<suite id="s1" name="Verify Validcredentials Suite" source="E:\LTS\robot_framework\login_suite\verify_validcredentials_suite.robot">
<test id="s1-t1" name="verify valid credential Test">
<kw name="Launch Browser" library="CommonFunctionality" type="SETUP">
<kw name="Open Browser" library="SeleniumLibrary">
<arg>browser=chrome</arg>
<arg>executable_path=${EXECDIR}${/}driver${/}chromedriver.exe</arg>
<doc>Opens a new browser instance to the optional ``url``.</doc>
<msg timestamp="20220317 14:01:08.871" level="INFO">Opening browser 'chrome' to base url 'None'.</msg>
<status status="PASS" starttime="20220317 14:01:08.871" endtime="20220317 14:01:40.491"/>
</kw>
<kw name="Maximize Browser Window" library="SeleniumLibrary">
<doc>Maximizes current browser window.</doc>
<status status="PASS" starttime="20220317 14:01:40.491" endtime="20220317 14:01:41.211"/>
</kw>
<kw name="Set Selenium Implicit Wait" library="SeleniumLibrary">
<arg>30s</arg>
<doc>Sets the implicit wait value used by Selenium.</doc>
<status status="PASS" starttime="20220317 14:01:41.211" endtime="20220317 14:01:41.306"/>
</kw>
<kw name="Go To" library="SeleniumLibrary">
<arg>${URL}</arg>
<doc>Navigates the current browser window to the provided ``url``.</doc>
<msg timestamp="20220317 14:01:41.311" level="INFO">Opening url 'https://opensource-demo.orangehrmlive.com/'</msg>
<status status="PASS" starttime="20220317 14:01:41.311" endtime="20220317 14:02:10.521"/>
</kw>
<status status="PASS" starttime="20220317 14:01:08.871" endtime="20220317 14:02:10.521"/>
</kw>
<kw name="Input Text" library="SeleniumLibrary">
<arg>id=txtUsername</arg>
<arg>Admin</arg>
<doc>Types the given ``text`` into the text field identified by ``locator``.</doc>
<msg timestamp="20220317 14:02:10.526" level="INFO">Typing text 'Admin' into text field 'id=txtUsername'.</msg>
<status status="PASS" starttime="20220317 14:02:10.521" endtime="20220317 14:02:20.371"/>
</kw>
<kw name="Input Password" library="SeleniumLibrary">
<arg>id=txtPassword</arg>
<arg>admin123</arg>
<doc>Types the given password into the text field identified by ``locator``.</doc>
<msg timestamp="20220317 14:02:20.376" level="INFO">Typing password into text field 'id=txtPassword'.</msg>
<msg timestamp="20220317 14:02:20.531" level="INFO">Temporally setting log level to: NONE</msg>
<msg timestamp="20220317 14:02:20.741" level="INFO">Log level changed from NONE to INFO.</msg>
<status status="PASS" starttime="20220317 14:02:20.371" endtime="20220317 14:02:20.741"/>
</kw>
<kw name="Click Element" library="SeleniumLibrary">
<arg>id=btnLogin</arg>
<doc>Click the element identified by ``locator``.</doc>
<msg timestamp="20220317 14:02:20.741" level="INFO">Clicking element 'id=btnLogin'.</msg>
<status status="PASS" starttime="20220317 14:02:20.741" endtime="20220317 14:02:57.983"/>
</kw>
<kw name="Page Should Contain" library="SeleniumLibrary">
<arg>My Info</arg>
<doc>Verifies that current page contains ``text``.</doc>
<msg timestamp="20220317 14:03:06.304" level="INFO">Current page contains text 'My Info'.</msg>
<status status="PASS" starttime="20220317 14:02:57.985" endtime="20220317 14:03:06.304"/>
</kw>
<kw name="Close Browser" library="SeleniumLibrary" type="TEARDOWN">
<doc>Closes the current browser.</doc>
<status status="PASS" starttime="20220317 14:03:06.305" endtime="20220317 14:03:17.334"/>
</kw>
<status status="PASS" starttime="20220317 14:01:08.871" endtime="20220317 14:03:17.335"/>
</test>
<doc>This suite will handles all the tedt cases related to valid
credential test. Test case - TC_OH_2</doc>
<status status="PASS" starttime="20220317 14:01:00.106" endtime="20220317 14:03:17.339"/>
</suite>
<statistics>
<total>
<stat pass="1" fail="0" skip="0">All Tests</stat>
</total>
<tag>
</tag>
<suite>
<stat pass="1" fail="0" skip="0" id="s1" name="Verify Validcredentials Suite">Verify Validcredentials Suite</stat>
</suite>
</statistics>
<errors>
</errors>
</robot>
