<?xml version="1.0" encoding="UTF-8"?>
<robot generator="Robot 4.1.3 (Python 3.10.2 on win32)" generated="20220317 12:34:21.105" rpa="false" schemaversion="2">
<suite id="s1" name="Verify Invalidcredential Suite" source="E:\LTS\robot_framework\login_suite\verify_invalidcredential_suite.robot">
<test id="s1-t1" name="verify valid credential Test">
<kw name="Launch Browser" library="CommonFunctionality">
<kw name="Open Browser" library="SeleniumLibrary">
<arg>browser=chrome</arg>
<arg>executable_path=${EXECDIR}${/}driver${/}chromedriver.exe</arg>
<doc>Opens a new browser instance to the optional ``url``.</doc>
<msg timestamp="20220317 12:34:21.807" level="INFO">Opening browser 'chrome' to base url 'None'.</msg>
<status status="PASS" starttime="20220317 12:34:21.806" endtime="20220317 12:34:36.932"/>
</kw>
<kw name="Maximize Browser Window" library="SeleniumLibrary">
<doc>Maximizes current browser window.</doc>
<status status="PASS" starttime="20220317 12:34:36.932" endtime="20220317 12:34:37.130"/>
</kw>
<kw name="Set Selenium Implicit Wait" library="SeleniumLibrary">
<arg>30s</arg>
<doc>Sets the implicit wait value used by Selenium.</doc>
<status status="PASS" starttime="20220317 12:34:37.131" endtime="20220317 12:34:37.133"/>
</kw>
<kw name="Go To" library="SeleniumLibrary">
<arg>${URL}</arg>
<doc>Navigates the current browser window to the provided ``url``.</doc>
<msg timestamp="20220317 12:34:37.134" level="INFO">Opening url 'https://opensource-demo.orangehrmlive.com/'</msg>
<status status="PASS" starttime="20220317 12:34:37.133" endtime="20220317 12:34:44.865"/>
</kw>
<status status="PASS" starttime="20220317 12:34:21.805" endtime="20220317 12:34:44.865"/>
</kw>
<kw name="Input Text" library="SeleniumLibrary">
<arg>id=txtUsername</arg>
<arg>Apsar</arg>
<doc>Types the given ``text`` into the text field identified by ``locator``.</doc>
<msg timestamp="20220317 12:34:44.868" level="INFO">Typing text 'Apsar' into text field 'id=txtUsername'.</msg>
<status status="PASS" starttime="20220317 12:34:44.866" endtime="20220317 12:34:46.620"/>
</kw>
<kw name="Input Password" library="SeleniumLibrary">
<arg>id=txtPassword</arg>
<arg>admin123</arg>
<doc>Types the given password into the text field identified by ``locator``.</doc>
<msg timestamp="20220317 12:34:46.621" level="INFO">Typing password into text field 'id=txtPassword'.</msg>
<msg timestamp="20220317 12:34:46.822" level="INFO">Temporally setting log level to: NONE</msg>
<msg timestamp="20220317 12:34:47.036" level="INFO">Log level changed from NONE to INFO.</msg>
<status status="PASS" starttime="20220317 12:34:46.621" endtime="20220317 12:34:47.036"/>
</kw>
<kw name="Click Element" library="SeleniumLibrary">
<arg>id=btnLogin</arg>
<doc>Click the element identified by ``locator``.</doc>
<msg timestamp="20220317 12:34:47.038" level="INFO">Clicking element 'id=btnLogin'.</msg>
<status status="PASS" starttime="20220317 12:34:47.037" endtime="20220317 12:34:50.220"/>
</kw>
<kw name="Close Browser" library="SeleniumLibrary" type="TEARDOWN">
<doc>Closes the current browser.</doc>
<status status="PASS" starttime="20220317 12:34:50.221" endtime="20220317 12:34:53.214"/>
</kw>
<status status="PASS" starttime="20220317 12:34:21.803" endtime="20220317 12:34:53.215"/>
</test>
<doc>This suite will handles all the tedt cases related to valid
credential test. Test case - TC_OH_2</doc>
<status status="PASS" starttime="20220317 12:34:21.133" endtime="20220317 12:34:53.219"/>
</suite>
<statistics>
<total>
<stat pass="1" fail="0" skip="0">All Tests</stat>
</total>
<tag>
</tag>
<suite>
<stat pass="1" fail="0" skip="0" id="s1" name="Verify Invalidcredential Suite">Verify Invalidcredential Suite</stat>
</suite>
</statistics>
<errors>
</errors>
</robot>
