<?xml version="1.0" encoding="UTF-8"?>
<robot generator="Robot 4.1.3 (Python 3.10.2 on win32)" generated="20220317 17:53:38.785" rpa="false" schemaversion="2">
<suite id="s1" name="Verify Emergency Contact Suite" source="E:\LTS\robot_framework\my_info_suite\verify_emergency_contact_suite.robot">
<test id="s1-t1" name="Verify Add Emergency Contact Test">
<kw name="Launch Browser And Navigate To URL" library="CommonFunctionality" type="SETUP">
<kw name="Open Browser" library="SeleniumLibrary">
<arg>browser=chrome</arg>
<arg>executable_path=${EXECDIR}${/}driver${/}chromedriver.exe</arg>
<doc>Opens a new browser instance to the optional ``url``.</doc>
<msg timestamp="20220317 17:54:24.898" level="INFO">Opening browser 'chrome' to base url 'None'.</msg>
<msg timestamp="20220317 17:55:42.331" level="INFO">Cannot capture screenshot because no browser is open.</msg>
<msg timestamp="20220317 17:55:44.201" level="FAIL">WebDriverException: Message: chrome not reachable
Stacktrace:
Backtrace:
	Ordinal0 [0x00619943+2595139]
	Ordinal0 [0x005AC9F1+2148849]
	Ordinal0 [0x004A43F0+1065968]
	Ordinal0 [0x004986EB+1017579]
	Ordinal0 [0x004C3C78+1195128]
	Ordinal0 [0x004BFE37+1179191]
	Ordinal0 [0x004BD6F1+1169137]
	Ordinal0 [0x004F0530+1377584]
	Ordinal0 [0x004F018A+1376650]
	Ordinal0 [0x004EB806+1357830]
	Ordinal0 [0x004C6086+1204358]
	Ordinal0 [0x004C6F96+1208214]
	GetHandleVerifier [0x007BB232+1658114]
	GetHandleVerifier [0x0087312C+2411516]
	GetHandleVerifier [0x006AF261+560433]
	GetHandleVerifier [0x006AE366+556598]
	Ordinal0 [0x005B286B+2173035]
	Ordinal0 [0x005B75F8+2192888]
	Ordinal0 [0x005B76E5+2193125]
	Ordinal0 [0x005C11FC+2232828]
	BaseThreadInitThunk [0x7603FA29+25]
	RtlGetAppContainerNamedObjectPath [0x77027A7E+286]
	RtlGetAppContainerNamedObjectPath [0x77027A4E+238]
</msg>
<status status="FAIL" starttime="20220317 17:54:24.897" endtime="20220317 17:55:44.202"/>
</kw>
<kw name="Maximize Browser Window" library="SeleniumLibrary">
<doc>Maximizes current browser window.</doc>
<status status="NOT RUN" starttime="20220317 17:55:44.202" endtime="20220317 17:55:44.203"/>
</kw>
<kw name="Set Selenium Implicit Wait" library="SeleniumLibrary">
<arg>30s</arg>
<doc>Sets the implicit wait value used by Selenium.</doc>
<status status="NOT RUN" starttime="20220317 17:55:44.203" endtime="20220317 17:55:44.203"/>
</kw>
<kw name="Go To" library="SeleniumLibrary">
<arg>${URL}</arg>
<doc>Navigates the current browser window to the provided ``url``.</doc>
<status status="NOT RUN" starttime="20220317 17:55:44.203" endtime="20220317 17:55:44.203"/>
</kw>
<status status="FAIL" starttime="20220317 17:54:24.896" endtime="20220317 17:55:44.204"/>
</kw>
<kw name="Close Browser" library="SeleniumLibrary" type="TEARDOWN">
<doc>Closes the current browser.</doc>
<status status="PASS" starttime="20220317 17:55:44.206" endtime="20220317 17:55:44.206"/>
</kw>
<status status="FAIL" starttime="20220317 17:54:24.893" endtime="20220317 17:55:44.207">Setup failed:
WebDriverException: Message: chrome not reachable
Stacktrace:
Backtrace:
	Ordinal0 [0x00619943+2595139]
	Ordinal0 [0x005AC9F1+2148849]
	Ordinal0 [0x004A43F0+1065968]
	Ordinal0 [0x004986EB+1017579]
	Ordinal0 [0x004C3C78+1195128]
	Ordinal0 [0x004BFE37+1179191]
	Ordinal0 [0x004BD6F1+1169137]
	Ordinal0 [0x004F0530+1377584]
	Ordinal0 [0x004F018A+1376650]
	Ordinal0 [0x004EB806+1357830]
	Ordinal0 [0x004C6086+1204358]
	Ordinal0 [0x004C6F96+1208214]
	GetHandleVerifier [0x007BB232+1658114]
	GetHandleVerifier [0x0087312C+2411516]
	GetHandleVerifier [0x006AF261+560433]
	GetHandleVerifier [0x006AE366+556598]
	Ordinal0 [0x005B286B+2173035]
	Ordinal0 [0x005B75F8+2192888]
	Ordinal0 [0x005B76E5+2193125]
	Ordinal0 [0x005C11FC+2232828]
	BaseThreadInitThunk [0x7603FA29+25]
	RtlGetAppContainerNamedObjectPath [0x77027A7E+286]
	RtlGetAppContainerNamedObjectPath [0x77027A4E+238]
</status>
</test>
<test id="s1-t2" name="Verify Add Emergency Contact Test">
<kw name="Launch Browser And Navigate To URL" library="CommonFunctionality" type="SETUP">
<kw name="Open Browser" library="SeleniumLibrary">
<arg>browser=chrome</arg>
<arg>executable_path=${EXECDIR}${/}driver${/}chromedriver.exe</arg>
<doc>Opens a new browser instance to the optional ``url``.</doc>
<msg timestamp="20220317 17:55:44.399" level="INFO">Opening browser 'chrome' to base url 'None'.</msg>
<status status="PASS" starttime="20220317 17:55:44.396" endtime="20220317 17:56:52.244"/>
</kw>
<kw name="Maximize Browser Window" library="SeleniumLibrary">
<doc>Maximizes current browser window.</doc>
<status status="PASS" starttime="20220317 17:56:52.245" endtime="20220317 17:56:53.386"/>
</kw>
<kw name="Set Selenium Implicit Wait" library="SeleniumLibrary">
<arg>30s</arg>
<doc>Sets the implicit wait value used by Selenium.</doc>
<status status="PASS" starttime="20220317 17:56:53.387" endtime="20220317 17:56:53.393"/>
</kw>
<kw name="Go To" library="SeleniumLibrary">
<arg>${URL}</arg>
<doc>Navigates the current browser window to the provided ``url``.</doc>
<msg timestamp="20220317 17:56:53.394" level="INFO">Opening url 'https://opensource-demo.orangehrmlive.com/'</msg>
<status status="PASS" starttime="20220317 17:56:53.393" endtime="20220317 17:57:36.665"/>
</kw>
<status status="PASS" starttime="20220317 17:55:44.395" endtime="20220317 17:57:36.666"/>
</kw>
<kw name="Verify Add Emergency Contact Template">
<arg>Admin</arg>
<arg>admin123</arg>
<arg>sandy</arg>
<arg>sister</arg>
<arg>949494</arg>
<kw name="Input Text" library="SeleniumLibrary">
<arg>id=txtUsername</arg>
<arg>${Username}</arg>
<doc>Types the given ``text`` into the text field identified by ``locator``.</doc>
<msg timestamp="20220317 17:57:36.669" level="INFO">Typing text 'Admin' into text field 'id=txtUsername'.</msg>
<status status="PASS" starttime="20220317 17:57:36.668" endtime="20220317 17:57:49.800"/>
</kw>
<kw name="Input Password" library="SeleniumLibrary">
<arg>id=txtPassword</arg>
<arg>${Password}</arg>
<doc>Types the given password into the text field identified by ``locator``.</doc>
<msg timestamp="20220317 17:57:49.802" level="INFO">Typing password into text field 'id=txtPassword'.</msg>
<msg timestamp="20220317 17:57:49.980" level="INFO">Temporally setting log level to: NONE</msg>
<msg timestamp="20220317 17:57:50.347" level="INFO">Log level changed from NONE to INFO.</msg>
<status status="PASS" starttime="20220317 17:57:49.800" endtime="20220317 17:57:50.347"/>
</kw>
<kw name="Click Element" library="SeleniumLibrary">
<arg>id=btnLogin</arg>
<doc>Click the element identified by ``locator``.</doc>
<msg timestamp="20220317 17:57:50.348" level="INFO">Clicking element 'id=btnLogin'.</msg>
<status status="PASS" starttime="20220317 17:57:50.347" endtime="20220317 18:00:29.137"/>
</kw>
<kw name="Click Element" library="SeleniumLibrary">
<arg>id=menu_pim_viewMyDetails</arg>
<doc>Click the element identified by ``locator``.</doc>
<msg timestamp="20220317 18:00:29.138" level="INFO">Clicking element 'id=menu_pim_viewMyDetails'.</msg>
<status status="PASS" starttime="20220317 18:00:29.138" endtime="20220317 18:01:07.535"/>
</kw>
<kw name="Click Element" library="SeleniumLibrary">
<arg>partial link=Emergency Contacts</arg>
<doc>Click the element identified by ``locator``.</doc>
<msg timestamp="20220317 18:01:07.536" level="INFO">Clicking element 'partial link=Emergency Contacts'.</msg>
<status status="PASS" starttime="20220317 18:01:07.535" endtime="20220317 18:01:14.855"/>
</kw>
<kw name="Click Element" library="SeleniumLibrary">
<arg>id=btnAddContact</arg>
<doc>Click the element identified by ``locator``.</doc>
<msg timestamp="20220317 18:01:14.857" level="INFO">Clicking element 'id=btnAddContact'.</msg>
<status status="PASS" starttime="20220317 18:01:14.856" endtime="20220317 18:01:14.989"/>
</kw>
<kw name="Input Text" library="SeleniumLibrary">
<arg>name=emgcontacts[name]</arg>
<arg>${contact_name}</arg>
<doc>Types the given ``text`` into the text field identified by ``locator``.</doc>
<msg timestamp="20220317 18:01:14.990" level="INFO">Typing text 'sandy' into text field 'name=emgcontacts[name]'.</msg>
<status status="PASS" starttime="20220317 18:01:14.989" endtime="20220317 18:01:15.268"/>
</kw>
<kw name="Input Text" library="SeleniumLibrary">
<arg>id=emgcontacts_relationship</arg>
<arg>${relationship}</arg>
<doc>Types the given ``text`` into the text field identified by ``locator``.</doc>
<msg timestamp="20220317 18:01:15.269" level="INFO">Typing text 'sister' into text field 'id=emgcontacts_relationship'.</msg>
<status status="PASS" starttime="20220317 18:01:15.269" endtime="20220317 18:01:15.538"/>
</kw>
<kw name="Input Text" library="SeleniumLibrary">
<arg>id=emgcontacts_homePhone</arg>
<arg>${home_telephone}</arg>
<doc>Types the given ``text`` into the text field identified by ``locator``.</doc>
<msg timestamp="20220317 18:01:15.540" level="INFO">Typing text '949494' into text field 'id=emgcontacts_homePhone'.</msg>
<status status="PASS" starttime="20220317 18:01:15.539" endtime="20220317 18:01:15.768"/>
</kw>
<kw name="Click Element" library="SeleniumLibrary">
<arg>id=btnSaveEContact</arg>
<doc>Click the element identified by ``locator``.</doc>
<msg timestamp="20220317 18:01:15.769" level="INFO">Clicking element 'id=btnSaveEContact'.</msg>
<status status="PASS" starttime="20220317 18:01:15.768" endtime="20220317 18:01:18.316"/>
</kw>
<kw name="Table Should Contain" library="SeleniumLibrary">
<arg>id=emgcontact_list</arg>
<arg>${contact_name}</arg>
<doc>Verifies table contains text ``expected``.</doc>
<status status="PASS" starttime="20220317 18:01:18.316" endtime="20220317 18:01:21.083"/>
</kw>
<kw name="Table Should Contain" library="SeleniumLibrary">
<arg>id=emgcontact_list</arg>
<arg>${home_telephone}</arg>
<doc>Verifies table contains text ``expected``.</doc>
<status status="PASS" starttime="20220317 18:01:21.084" endtime="20220317 18:01:21.704"/>
</kw>
<status status="PASS" starttime="20220317 17:57:36.666" endtime="20220317 18:01:21.706"/>
</kw>
<kw name="Close Browser" library="SeleniumLibrary" type="TEARDOWN">
<doc>Closes the current browser.</doc>
<status status="PASS" starttime="20220317 18:01:21.707" endtime="20220317 18:01:27.317"/>
</kw>
<status status="PASS" starttime="20220317 17:55:44.387" endtime="20220317 18:01:27.317"/>
</test>
<doc>This suite handles test case related to emergency contact</doc>
<status status="FAIL" starttime="20220317 17:53:38.856" endtime="20220317 18:01:27.332"/>
</suite>
<statistics>
<total>
<stat pass="1" fail="1" skip="0">All Tests</stat>
</total>
<tag>
</tag>
<suite>
<stat pass="1" fail="1" skip="0" id="s1" name="Verify Emergency Contact Suite">Verify Emergency Contact Suite</stat>
</suite>
</statistics>
<errors>
<msg timestamp="20220317 17:55:44.385" level="WARN">Multiple test cases with name 'Verify Add Emergency Contact Test' executed in test suite 'Verify Emergency Contact Suite'.</msg>
</errors>
</robot>
