<?xml version="1.0" encoding="UTF-8"?>
<robot generator="Robot 4.1.3 (Python 3.10.2 on win32)" generated="20220317 15:04:29.289" rpa="false" schemaversion="2">
<suite id="s1" name="Verify Invalidcredential Suite" source="E:\LTS\robot_framework\login_suite\verify_invalidcredential_suite.robot">
<test id="s1-t1" name="TC1">
<kw name="Launch Browser" library="CommonFunctionality" type="SETUP">
<kw name="Open Browser" library="SeleniumLibrary">
<arg>browser=chrome</arg>
<arg>executable_path=${EXECDIR}${/}driver${/}chromedriver.exe</arg>
<doc>Opens a new browser instance to the optional ``url``.</doc>
<msg timestamp="20220317 15:04:30.159" level="INFO">Opening browser 'chrome' to base url 'None'.</msg>
<status status="PASS" starttime="20220317 15:04:30.159" endtime="20220317 15:05:30.607"/>
</kw>
<kw name="Maximize Browser Window" library="SeleniumLibrary">
<doc>Maximizes current browser window.</doc>
<status status="PASS" starttime="20220317 15:05:30.608" endtime="20220317 15:05:31.322"/>
</kw>
<kw name="Set Selenium Implicit Wait" library="SeleniumLibrary">
<arg>30s</arg>
<doc>Sets the implicit wait value used by Selenium.</doc>
<status status="PASS" starttime="20220317 15:05:31.322" endtime="20220317 15:05:31.463"/>
</kw>
<kw name="Go To" library="SeleniumLibrary">
<arg>${URL}</arg>
<doc>Navigates the current browser window to the provided ``url``.</doc>
<msg timestamp="20220317 15:05:31.463" level="INFO">Opening url 'https://opensource-demo.orangehrmlive.com/'</msg>
<status status="PASS" starttime="20220317 15:05:31.463" endtime="20220317 15:06:16.232"/>
</kw>
<status status="PASS" starttime="20220317 15:04:30.158" endtime="20220317 15:06:16.232"/>
</kw>
<kw name="verify Invalid credential Template">
<arg>john</arg>
<arg>john123</arg>
<arg>Invalid credentials</arg>
<kw name="Input Text" library="SeleniumLibrary">
<arg>id=txtUsername</arg>
<arg>${username}</arg>
<doc>Types the given ``text`` into the text field identified by ``locator``.</doc>
<msg timestamp="20220317 15:06:16.235" level="INFO">Typing text 'john' into text field 'id=txtUsername'.</msg>
<status status="PASS" starttime="20220317 15:06:16.235" endtime="20220317 15:06:20.739"/>
</kw>
<kw name="Input Password" library="SeleniumLibrary">
<arg>id=txtPassword</arg>
<arg>${password}</arg>
<doc>Types the given password into the text field identified by ``locator``.</doc>
<msg timestamp="20220317 15:06:20.741" level="INFO">Typing password into text field 'id=txtPassword'.</msg>
<msg timestamp="20220317 15:06:20.848" level="INFO">Temporally setting log level to: NONE</msg>
<msg timestamp="20220317 15:06:20.932" level="INFO">Log level changed from NONE to INFO.</msg>
<status status="PASS" starttime="20220317 15:06:20.739" endtime="20220317 15:06:20.932"/>
</kw>
<kw name="Click Element" library="SeleniumLibrary">
<arg>id=btnLogin</arg>
<doc>Click the element identified by ``locator``.</doc>
<msg timestamp="20220317 15:06:20.933" level="INFO">Clicking element 'id=btnLogin'.</msg>
<status status="PASS" starttime="20220317 15:06:20.932" endtime="20220317 15:06:25.422"/>
</kw>
<kw name="Element Text Should Be" library="SeleniumLibrary">
<arg>id=spanMessage</arg>
<arg>${expected_error}</arg>
<doc>Verifies that element ``locator`` contains exact the text ``expected``.</doc>
<msg timestamp="20220317 15:06:25.424" level="INFO">Verifying element 'id=spanMessage' contains exact text 'Invalid credentials'.</msg>
<status status="PASS" starttime="20220317 15:06:25.423" endtime="20220317 15:06:25.619"/>
</kw>
<status status="PASS" starttime="20220317 15:06:16.234" endtime="20220317 15:06:25.621"/>
</kw>
<kw name="Close Browser" library="SeleniumLibrary" type="TEARDOWN">
<doc>Closes the current browser.</doc>
<status status="PASS" starttime="20220317 15:06:25.622" endtime="20220317 15:06:34.670"/>
</kw>
<status status="PASS" starttime="20220317 15:04:30.157" endtime="20220317 15:06:34.670"/>
</test>
<test id="s1-t2" name="TC2">
<kw name="Launch Browser" library="CommonFunctionality" type="SETUP">
<kw name="Open Browser" library="SeleniumLibrary">
<arg>browser=chrome</arg>
<arg>executable_path=${EXECDIR}${/}driver${/}chromedriver.exe</arg>
<doc>Opens a new browser instance to the optional ``url``.</doc>
<msg timestamp="20220317 15:06:34.676" level="INFO">Opening browser 'chrome' to base url 'None'.</msg>
<status status="PASS" starttime="20220317 15:06:34.675" endtime="20220317 15:07:01.645"/>
</kw>
<kw name="Maximize Browser Window" library="SeleniumLibrary">
<doc>Maximizes current browser window.</doc>
<status status="PASS" starttime="20220317 15:07:01.645" endtime="20220317 15:07:05.056"/>
</kw>
<kw name="Set Selenium Implicit Wait" library="SeleniumLibrary">
<arg>30s</arg>
<doc>Sets the implicit wait value used by Selenium.</doc>
<status status="PASS" starttime="20220317 15:07:05.056" endtime="20220317 15:07:05.059"/>
</kw>
<kw name="Go To" library="SeleniumLibrary">
<arg>${URL}</arg>
<doc>Navigates the current browser window to the provided ``url``.</doc>
<msg timestamp="20220317 15:07:05.061" level="INFO">Opening url 'https://opensource-demo.orangehrmlive.com/'</msg>
<status status="PASS" starttime="20220317 15:07:05.059" endtime="20220317 15:07:36.173"/>
</kw>
<status status="PASS" starttime="20220317 15:06:34.674" endtime="20220317 15:07:36.173"/>
</kw>
<kw name="verify Invalid credential Template">
<arg>peter</arg>
<arg>peter123</arg>
<arg>Invalid credentials</arg>
<kw name="Input Text" library="SeleniumLibrary">
<arg>id=txtUsername</arg>
<arg>${username}</arg>
<doc>Types the given ``text`` into the text field identified by ``locator``.</doc>
<msg timestamp="20220317 15:07:36.177" level="INFO">Typing text 'peter' into text field 'id=txtUsername'.</msg>
<status status="PASS" starttime="20220317 15:07:36.177" endtime="20220317 15:07:51.530"/>
</kw>
<kw name="Input Password" library="SeleniumLibrary">
<arg>id=txtPassword</arg>
<arg>${password}</arg>
<doc>Types the given password into the text field identified by ``locator``.</doc>
<msg timestamp="20220317 15:07:51.531" level="INFO">Typing password into text field 'id=txtPassword'.</msg>
<msg timestamp="20220317 15:07:51.735" level="INFO">Temporally setting log level to: NONE</msg>
<msg timestamp="20220317 15:07:52.332" level="INFO">Log level changed from NONE to INFO.</msg>
<status status="PASS" starttime="20220317 15:07:51.530" endtime="20220317 15:07:52.332"/>
</kw>
<kw name="Click Element" library="SeleniumLibrary">
<arg>id=btnLogin</arg>
<doc>Click the element identified by ``locator``.</doc>
<msg timestamp="20220317 15:07:52.334" level="INFO">Clicking element 'id=btnLogin'.</msg>
<status status="PASS" starttime="20220317 15:07:52.333" endtime="20220317 15:08:09.900"/>
</kw>
<kw name="Element Text Should Be" library="SeleniumLibrary">
<arg>id=spanMessage</arg>
<arg>${expected_error}</arg>
<doc>Verifies that element ``locator`` contains exact the text ``expected``.</doc>
<msg timestamp="20220317 15:08:09.901" level="INFO">Verifying element 'id=spanMessage' contains exact text 'Invalid credentials'.</msg>
<status status="PASS" starttime="20220317 15:08:09.900" endtime="20220317 15:08:11.389"/>
</kw>
<status status="PASS" starttime="20220317 15:07:36.174" endtime="20220317 15:08:11.389"/>
</kw>
<kw name="Close Browser" library="SeleniumLibrary" type="TEARDOWN">
<doc>Closes the current browser.</doc>
<status status="PASS" starttime="20220317 15:08:11.392" endtime="20220317 15:08:15.684"/>
</kw>
<status status="PASS" starttime="20220317 15:06:34.673" endtime="20220317 15:08:15.687"/>
</test>
<test id="s1-t3" name="TC3">
<kw name="Launch Browser" library="CommonFunctionality" type="SETUP">
<kw name="Open Browser" library="SeleniumLibrary">
<arg>browser=chrome</arg>
<arg>executable_path=${EXECDIR}${/}driver${/}chromedriver.exe</arg>
<doc>Opens a new browser instance to the optional ``url``.</doc>
<msg timestamp="20220317 15:08:15.750" level="INFO">Opening browser 'chrome' to base url 'None'.</msg>
<status status="PASS" starttime="20220317 15:08:15.749" endtime="20220317 15:08:28.655"/>
</kw>
<kw name="Maximize Browser Window" library="SeleniumLibrary">
<doc>Maximizes current browser window.</doc>
<status status="PASS" starttime="20220317 15:08:28.655" endtime="20220317 15:08:28.962"/>
</kw>
<kw name="Set Selenium Implicit Wait" library="SeleniumLibrary">
<arg>30s</arg>
<doc>Sets the implicit wait value used by Selenium.</doc>
<status status="PASS" starttime="20220317 15:08:28.962" endtime="20220317 15:08:28.964"/>
</kw>
<kw name="Go To" library="SeleniumLibrary">
<arg>${URL}</arg>
<doc>Navigates the current browser window to the provided ``url``.</doc>
<msg timestamp="20220317 15:08:28.965" level="INFO">Opening url 'https://opensource-demo.orangehrmlive.com/'</msg>
<status status="PASS" starttime="20220317 15:08:28.964" endtime="20220317 15:08:44.597"/>
</kw>
<status status="PASS" starttime="20220317 15:08:15.748" endtime="20220317 15:08:44.598"/>
</kw>
<kw name="verify Invalid credential Template">
<arg>${EMPTY}</arg>
<arg>admin123</arg>
<arg>Username cannot be empty</arg>
<kw name="Input Text" library="SeleniumLibrary">
<arg>id=txtUsername</arg>
<arg>${username}</arg>
<doc>Types the given ``text`` into the text field identified by ``locator``.</doc>
<msg timestamp="20220317 15:08:44.602" level="INFO">Typing text '' into text field 'id=txtUsername'.</msg>
<status status="PASS" starttime="20220317 15:08:44.601" endtime="20220317 15:08:44.740"/>
</kw>
<kw name="Input Password" library="SeleniumLibrary">
<arg>id=txtPassword</arg>
<arg>${password}</arg>
<doc>Types the given password into the text field identified by ``locator``.</doc>
<msg timestamp="20220317 15:08:44.741" level="INFO">Typing password into text field 'id=txtPassword'.</msg>
<msg timestamp="20220317 15:08:44.803" level="INFO">Temporally setting log level to: NONE</msg>
<msg timestamp="20220317 15:08:44.901" level="INFO">Log level changed from NONE to INFO.</msg>
<status status="PASS" starttime="20220317 15:08:44.741" endtime="20220317 15:08:44.901"/>
</kw>
<kw name="Click Element" library="SeleniumLibrary">
<arg>id=btnLogin</arg>
<doc>Click the element identified by ``locator``.</doc>
<msg timestamp="20220317 15:08:44.902" level="INFO">Clicking element 'id=btnLogin'.</msg>
<status status="PASS" starttime="20220317 15:08:44.901" endtime="20220317 15:08:45.017"/>
</kw>
<kw name="Element Text Should Be" library="SeleniumLibrary">
<arg>id=spanMessage</arg>
<arg>${expected_error}</arg>
<doc>Verifies that element ``locator`` contains exact the text ``expected``.</doc>
<msg timestamp="20220317 15:08:45.019" level="INFO">Verifying element 'id=spanMessage' contains exact text 'Username cannot be empty'.</msg>
<status status="PASS" starttime="20220317 15:08:45.018" endtime="20220317 15:08:45.079"/>
</kw>
<status status="PASS" starttime="20220317 15:08:44.599" endtime="20220317 15:08:45.080"/>
</kw>
<kw name="Close Browser" library="SeleniumLibrary" type="TEARDOWN">
<doc>Closes the current browser.</doc>
<status status="PASS" starttime="20220317 15:08:45.082" endtime="20220317 15:08:52.633"/>
</kw>
<status status="PASS" starttime="20220317 15:08:15.708" endtime="20220317 15:08:52.634"/>
</test>
<test id="s1-t4" name="TC4">
<kw name="Launch Browser" library="CommonFunctionality" type="SETUP">
<kw name="Open Browser" library="SeleniumLibrary">
<arg>browser=chrome</arg>
<arg>executable_path=${EXECDIR}${/}driver${/}chromedriver.exe</arg>
<doc>Opens a new browser instance to the optional ``url``.</doc>
<msg timestamp="20220317 15:08:52.746" level="INFO">Opening browser 'chrome' to base url 'None'.</msg>
<status status="PASS" starttime="20220317 15:08:52.744" endtime="20220317 15:08:57.189"/>
</kw>
<kw name="Maximize Browser Window" library="SeleniumLibrary">
<doc>Maximizes current browser window.</doc>
<status status="PASS" starttime="20220317 15:08:57.189" endtime="20220317 15:08:57.346"/>
</kw>
<kw name="Set Selenium Implicit Wait" library="SeleniumLibrary">
<arg>30s</arg>
<doc>Sets the implicit wait value used by Selenium.</doc>
<status status="PASS" starttime="20220317 15:08:57.347" endtime="20220317 15:08:57.350"/>
</kw>
<kw name="Go To" library="SeleniumLibrary">
<arg>${URL}</arg>
<doc>Navigates the current browser window to the provided ``url``.</doc>
<msg timestamp="20220317 15:08:57.352" level="INFO">Opening url 'https://opensource-demo.orangehrmlive.com/'</msg>
<status status="PASS" starttime="20220317 15:08:57.351" endtime="20220317 15:09:14.803"/>
</kw>
<status status="PASS" starttime="20220317 15:08:52.742" endtime="20220317 15:09:14.804"/>
</kw>
<kw name="verify Invalid credential Template">
<arg>apsar</arg>
<arg>${EMPTY}</arg>
<arg>Password cannot be empty</arg>
<kw name="Input Text" library="SeleniumLibrary">
<arg>id=txtUsername</arg>
<arg>${username}</arg>
<doc>Types the given ``text`` into the text field identified by ``locator``.</doc>
<msg timestamp="20220317 15:09:14.809" level="INFO">Typing text 'apsar' into text field 'id=txtUsername'.</msg>
<status status="PASS" starttime="20220317 15:09:14.808" endtime="20220317 15:09:14.987"/>
</kw>
<kw name="Input Password" library="SeleniumLibrary">
<arg>id=txtPassword</arg>
<arg>${password}</arg>
<doc>Types the given password into the text field identified by ``locator``.</doc>
<msg timestamp="20220317 15:09:14.987" level="INFO">Typing password into text field 'id=txtPassword'.</msg>
<msg timestamp="20220317 15:09:15.065" level="INFO">Temporally setting log level to: NONE</msg>
<msg timestamp="20220317 15:09:15.151" level="INFO">Log level changed from NONE to INFO.</msg>
<status status="PASS" starttime="20220317 15:09:14.987" endtime="20220317 15:09:15.151"/>
</kw>
<kw name="Click Element" library="SeleniumLibrary">
<arg>id=btnLogin</arg>
<doc>Click the element identified by ``locator``.</doc>
<msg timestamp="20220317 15:09:15.151" level="INFO">Clicking element 'id=btnLogin'.</msg>
<status status="PASS" starttime="20220317 15:09:15.151" endtime="20220317 15:09:15.276"/>
</kw>
<kw name="Element Text Should Be" library="SeleniumLibrary">
<arg>id=spanMessage</arg>
<arg>${expected_error}</arg>
<doc>Verifies that element ``locator`` contains exact the text ``expected``.</doc>
<msg timestamp="20220317 15:09:15.276" level="INFO">Verifying element 'id=spanMessage' contains exact text 'Password cannot be empty'.</msg>
<status status="PASS" starttime="20220317 15:09:15.276" endtime="20220317 15:09:15.311"/>
</kw>
<status status="PASS" starttime="20220317 15:09:14.806" endtime="20220317 15:09:15.326"/>
</kw>
<kw name="Close Browser" library="SeleniumLibrary" type="TEARDOWN">
<doc>Closes the current browser.</doc>
<status status="PASS" starttime="20220317 15:09:15.326" endtime="20220317 15:09:19.425"/>
</kw>
<status status="PASS" starttime="20220317 15:08:52.642" endtime="20220317 15:09:19.425"/>
</test>
<doc>This suite will handles all the tedt cases related to valid
credential test. Test case - TC_OH_2</doc>
<status status="PASS" starttime="20220317 15:04:29.293" endtime="20220317 15:09:19.425"/>
</suite>
<statistics>
<total>
<stat pass="4" fail="0" skip="0">All Tests</stat>
</total>
<tag>
</tag>
<suite>
<stat pass="4" fail="0" skip="0" id="s1" name="Verify Invalidcredential Suite">Verify Invalidcredential Suite</stat>
</suite>
</statistics>
<errors>
</errors>
</robot>
